
Adding  BM3_NLoss_proc1.csv
Adding  BM3_NLoss_proc0.csv
Adding  BM3_NLoss_proc3.csv
Adding  BM3_NLoss_proc2.csv
Processing File:  BM3_NLoss_proc1.csv
Files done:  0
Files done:  100
Files done:  200
Files done:  300
Files done:  400
Files done:  500
Files done:  600
Files done:  700
Files done:  800
Files done:  900
Files done:  1000
Files done:  1100
Files done:  1200
Files done:  1300
Files done:  1400
Files done:  1500
Files done:  1600
Files done:  1700
Files done:  1800
Files done:  1900
Files done:  2000
Files done:  2100
Files done:  2200
Files done:  2300
Processing File:  BM3_NLoss_proc0.csv
Files done:  2400
Files done:  2500
Files done:  2600
Files done:  2700
Files done:  2800
Files done:  2900
Files done:  3000
Files done:  3100
Files done:  3200
Files done:  3300
Files done:  3400
Files done:  3500
Files done:  3600
Files done:  3700
Files done:  3800
Files done:  3900
Files done:  4000
Files done:  4100
Files done:  4200
Files done:  4300
Files done:  4400
Files done:  4500
Files done:  4600
Files done:  4700
Processing File:  BM3_NLoss_proc3.csv
Files done:  4800
Files done:  4900
Files done:  5000
Files done:  5100
Files done:  5200
Files done:  5300
Files done:  5400
Files done:  5500
Files done:  5600
Files done:  5700
Files done:  5800
Files done:  5900
Files done:  6000
Files done:  6100
Files done:  6200
Files done:  6300
Files done:  6400
Files done:  6500
Files done:  6600
Files done:  6700
Files done:  6800
Files done:  6900
Files done:  7000
Files done:  7100
Processing File:  BM3_NLoss_proc2.csv
Files done:  7200
Files done:  7300
Files done:  7400
Files done:  7500
Files done:  7600
Files done:  7700
Files done:  7800
Files done:  7900
Files done:  8000
Files done:  8100
Files done:  8200
Files done:  8300
Files done:  8400
Files done:  8500
Files done:  8600
Files done:  8700
Files done:  8800
Files done:  8900
Files done:  9000
Files done:  9100
Files done:  9200
Files done:  9300
Files done:  9400
Files done:  9500
Tag, ProcCount: BM3, 8
Tag: BM3, ModelFile: outputs/train_t2249987246038/nnet_i800.p
ProcCount: 8
OutFile:  outputs/dump_predictions/BM3_NLoss
Source:  ../NewData/skt_dcs_DS.bz2_1L_bigram_heldout/
Child process with vpid:0, pid:43057 started.
Child process with vpid:1, pid:43058 started.
Child process with vpid:2, pid:43059 started.
Child process with vpid:3, pid:43060 started.
Child process with vpid:4, pid:43061 started.
Child process with vpid:5, pid:43062 started.
Child process with vpid:6, pid:43063 started.
Child process with vpid:7, pid:43064 started.
Keep Prob = 0.6, Dropout = 0.4
Keep Prob = 0.6, Dropout = 0.4
Keep Prob = 0.6, Dropout = 0.4
Keep Prob = 0.6, Dropout = 0.4
Keep Prob = 0.6, Dropout = 0.4
Keep Prob = 0.6, Dropout = 0.4
vpid:1: Range is 1200 -> 2400 / 9577
vpid:6: Range is 7200 -> 8400 / 9577
vpid:5: Range is 6000 -> 7200 / 9577
vpid:7: Range is 8400 -> 9600 / 9577
vpid:0: Range is 0 -> 1200 / 9577
vpid:3: Range is 3600 -> 4800 / 9577
File refreshed outputs/dump_predictions/BM3_NLoss_proc1.csv
File refreshed outputs/dump_predictions/BM3_NLoss_proc6.csv
File refreshed outputs/dump_predictions/BM3_NLoss_proc5.csv
File refreshed outputs/dump_predictions/BM3_NLoss_proc7.csv
File refreshed outputs/dump_predictions/BM3_NLoss_proc0.csv
File refreshed outputs/dump_predictions/BM3_NLoss_proc3.csv
Keep Prob = 0.6, Dropout = 0.4
vpid:2: Range is 2400 -> 3600 / 9577
File refreshed outputs/dump_predictions/BM3_NLoss_proc2.csv
Keep Prob = 0.6, Dropout = 0.4
vpid:4: Range is 4800 -> 6000 / 9577
File refreshed outputs/dump_predictions/BM3_NLoss_proc4.csv
Tag, ProcCount: BM3, 8
Tag: BM3, ModelFile: outputs/train_t3471903174862/nnet_e1_i400.p
ProcCount: 8
OutFile:  outputs/dump_predictions/BM3_NLoss
Source:  ../NewData/skt_dcs_DS.bz2_1L_bigram_heldout/
Child process with vpid:0, pid:43306 started.
Child process with vpid:1, pid:43307 started.
Child process with vpid:2, pid:43308 started.
Child process with vpid:3, pid:43309 started.
Child process with vpid:4, pid:43310 started.
Child process with vpid:5, pid:43311 started.
Child process with vpid:6, pid:43312 started.
Child process with vpid:7, pid:43313 started.
Keep Prob = 0.6, Dropout = 0.4
Keep Prob = 0.6, Dropout = 0.4
vpid:5: Range is 6000 -> 7200 / 9577
File refreshed outputs/dump_predictions/BM3_NLoss_proc5.csv
vpid:3: Range is 3600 -> 4800 / 9577
File refreshed outputs/dump_predictions/BM3_NLoss_proc3.csv
Keep Prob = 0.6, Dropout = 0.4
vpid:1: Range is 1200 -> 2400 / 9577
File refreshed outputs/dump_predictions/BM3_NLoss_proc1.csv
Keep Prob = 0.6, Dropout = 0.4
Keep Prob = 0.6, Dropout = 0.4
Keep Prob = 0.6, Dropout = 0.4
vpid:4: Range is 4800 -> 6000 / 9577
vpid:2: Range is 2400 -> 3600 / 9577
File refreshed outputs/dump_predictions/BM3_NLoss_proc4.csv
vpid:7: Range is 8400 -> 9600 / 9577
File refreshed outputs/dump_predictions/BM3_NLoss_proc2.csv
File refreshed outputs/dump_predictions/BM3_NLoss_proc7.csv
Keep Prob = 0.6, Dropout = 0.4
vpid:6: Range is 7200 -> 8400 / 9577
File refreshed outputs/dump_predictions/BM3_NLoss_proc6.csv
Keep Prob = 0.6, Dropout = 0.4
vpid:0: Range is 0 -> 1200 / 9577
File refreshed outputs/dump_predictions/BM3_NLoss_proc0.csv
