Checkpoint: 0
Checkpoint: 50
Checkpoint: 100
Checkpoint: 150
Checkpoint: 200
Checkpoint: 250
Checkpoint: 300
Checkpoint: 350
Checkpoint: 400
Checkpoint: 450
Checkpoint: 500
Checkpoint: 550
Checkpoint: 600
Checkpoint: 650
Checkpoint: 700
Checkpoint: 750
Checkpoint: 800
Checkpoint: 850
Checkpoint: 900
Checkpoint: 950
Micro Accuracy[lemma]: 75.76108537392456
Micro Accuracy[word]: 58.752481800132365
ITERATION OUT0
ITERATION IN0
ITERATION IN1
ITERATION IN2
ITERATION IN3
ITERATION OUT1
ITERATION IN0
ITERATION IN1
ITERATION IN2
ITERATION IN3
ITERATION OUT2
ITERATION IN0
ITERATION IN1
ITERATION IN2
ITERATION IN3
ITERATION OUT3
ITERATION IN0
ITERATION IN1
ITERATION IN2
ITERATION IN3
ITERATION OUT4
ITERATION IN0
ITERATION IN1
ITERATION IN2
ITERATION IN3
ITERATION OUT5
ITERATION IN0
ITERATION IN1
ITERATION IN2
ITERATION IN3
ITERATION OUT6
ITERATION IN0
ITERATION IN1
ITERATION IN2
ITERATION IN3
ITERATION OUT7
ITERATION IN0
ITERATION IN1
ITERATION IN2
ITERATION IN3
ITERATION OUT8
ITERATION IN0
ITERATION IN1
ITERATION IN2
ITERATION IN3
ITERATION OUT9
ITERATION IN0
ITERATION IN1
ITERATION IN2
ITERATION IN3
ITERATION OUT10
ITERATION IN0
ITERATION IN1
ITERATION IN2
ITERATION IN3
ITERATION OUT11
ITERATION IN0
ITERATION IN1
ITERATION IN2
ITERATION IN3
ITERATION OUT12
ITERATION IN0
ITERATION IN1
ITERATION IN2
ITERATION IN3
ITERATION OUT13
ITERATION IN0
ITERATION IN1
ITERATION IN2
ITERATION IN3
ITERATION OUT14
ITERATION IN0
ITERATION IN1
ITERATION IN2
ITERATION IN3
ITERATION OUT15
ITERATION IN0
ITERATION IN1
ITERATION IN2
ITERATION IN3
ITERATION OUT16
ITERATION IN0
ITERATION IN1
ITERATION IN2
ITERATION IN3
ITERATION OUT17
ITERATION IN0
ITERATION IN1
ITERATION IN2
ITERATION IN3
ITERATION OUT18
ITERATION IN0
ITERATION IN1
ITERATION IN2
ITERATION IN3
ITERATION OUT19
ITERATION IN0
ITERATION IN1
ITERATION IN2
ITERATION IN3
ITERATION OUT20
ITERATION IN0
ITERATION IN1
ITERATION IN2
ITERATION IN3
ITERATION OUT21
ITERATION IN0
ITERATION IN1
ITERATION IN2
ITERATION IN3
ITERATION OUT22
ITERATION IN0
ITERATION IN1
ITERATION IN2
ITERATION IN3
ITERATION OUT23
ITERATION IN0
ITERATION IN1
ITERATION IN2
ITERATION IN3
ITERATION OUT24
ITERATION IN0
ITERATION IN1
ITERATION IN2
ITERATION IN3
ITERATION OUT25
ITERATION IN0
ITERATION IN1
ITERATION IN2
ITERATION IN3
ITERATION OUT26
ITERATION IN0
ITERATION IN1
ITERATION IN2
ITERATION IN3
ITERATION OUT27
ITERATION IN0
ITERATION IN1
ITERATION IN2
ITERATION IN3
ITERATION OUT28
ITERATION IN0
ITERATION IN1
ITERATION IN2
ITERATION IN3
ITERATION OUT29
ITERATION IN0
ITERATION IN1
ITERATION IN2
ITERATION IN3
ITERATION OUT30
ITERATION IN0
ITERATION IN1
ITERATION IN2
ITERATION IN3
ITERATION OUT31
ITERATION IN0
ITERATION IN1
ITERATION IN2
ITERATION IN3
ITERATION OUT32
ITERATION IN0
ITERATION IN1
ITERATION IN2
ITERATION IN3
ITERATION OUT33
ITERATION IN0
ITERATION IN1
ITERATION IN2
ITERATION IN3
ITERATION OUT34
ITERATION IN0
ITERATION IN1
ITERATION IN2
ITERATION IN3
ITERATION OUT35
ITERATION IN0
ITERATION IN1
ITERATION IN2
ITERATION IN3
ITERATION OUT36
ITERATION IN0
ITERATION IN1
ITERATION IN2
ITERATION IN3
ITERATION OUT37
ITERATION IN0
ITERATION IN1
ITERATION IN2
ITERATION IN3
ITERATION OUT38
ITERATION IN0
ITERATION IN1
ITERATION IN2
ITERATION IN3
ITERATION OUT39
ITERATION IN0
ITERATION IN1
ITERATION IN2
ITERATION IN3
ITERATION OUT40
ITERATION IN0
ITERATION IN1
ITERATION IN2
ITERATION IN3
ITERATION OUT41
ITERATION IN0
ITERATION IN1
ITERATION IN2
ITERATION IN3
ITERATION OUT42
ITERATION IN0
ITERATION IN1
ITERATION IN2
ITERATION IN3
ITERATION OUT43
ITERATION IN0
ITERATION IN1
ITERATION IN2
ITERATION IN3
ITERATION OUT44
ITERATION IN0
ITERATION IN1
ITERATION IN2
ITERATION IN3
ITERATION OUT45
ITERATION IN0
ITERATION IN1
ITERATION IN2
ITERATION IN3
ITERATION OUT46
ITERATION IN0
ITERATION IN1
ITERATION IN2
ITERATION IN3
ITERATION OUT47
ITERATION IN0
ITERATION IN1
ITERATION IN2
ITERATION IN3
ITERATION OUT48
ITERATION IN0
ITERATION IN1
ITERATION IN2
ITERATION IN3
ITERATION OUT49
ITERATION IN0
ITERATION IN1
ITERATION IN2
ITERATION IN3
ITERATION OUT50
ITERATION IN0
ITERATION IN1
ITERATION IN2
ITERATION IN3
ITERATION OUT51
ITERATION IN0
ITERATION IN1
ITERATION IN2
ITERATION IN3
ITERATION OUT52
ITERATION IN0
ITERATION IN1
ITERATION IN2
ITERATION IN3
ITERATION OUT53
ITERATION IN0
ITERATION IN1
ITERATION IN2
ITERATION IN3
ITERATION OUT54
ITERATION IN0
ITERATION IN1
ITERATION IN2
ITERATION IN3
ITERATION OUT55
ITERATION IN0
ITERATION IN1
ITERATION IN2
ITERATION IN3
ITERATION OUT56
ITERATION IN0
ITERATION IN1
ITERATION IN2
ITERATION IN3
ITERATION OUT57
ITERATION IN0
ITERATION IN1
ITERATION IN2
ITERATION IN3
ITERATION OUT58
ITERATION IN0
ITERATION IN1
ITERATION IN2
ITERATION IN3
ITERATION OUT59
ITERATION IN0
ITERATION IN1
ITERATION IN2
ITERATION IN3
ITERATION OUT60
ITERATION IN0
ITERATION IN1
ITERATION IN2
ITERATION IN3
ITERATION OUT61
ITERATION IN0
ITERATION IN1
ITERATION IN2
ITERATION IN3
ITERATION OUT62
ITERATION IN0
ITERATION IN1
ITERATION IN2
ITERATION IN3
ITERATION OUT63
ITERATION IN0
ITERATION IN1
ITERATION IN2
ITERATION IN3
ITERATION OUT64
ITERATION IN0
ITERATION IN1
ITERATION IN2
ITERATION IN3
ITERATION OUT65
ITERATION IN0
ITERATION IN1
ITERATION IN2
ITERATION IN3
ITERATION OUT66
ITERATION IN0
ITERATION IN1
ITERATION IN2
ITERATION IN3
ITERATION OUT67
ITERATION IN0
ITERATION IN1
ITERATION IN2
ITERATION IN3
ITERATION OUT68
ITERATION IN0
ITERATION IN1
ITERATION IN2
ITERATION IN3
ITERATION OUT69
ITERATION IN0
ITERATION IN1
ITERATION IN2
ITERATION IN3
ITERATION OUT70
ITERATION IN0
ITERATION IN1
ITERATION IN2
ITERATION IN3
ITERATION OUT71
ITERATION IN0
ITERATION IN1
ITERATION IN2
ITERATION IN3
ITERATION OUT72
ITERATION IN0
ITERATION IN1
ITERATION IN2
ITERATION IN3
ITERATION OUT73
ITERATION IN0
ITERATION IN1
ITERATION IN2
ITERATION IN3
ITERATION OUT74
ITERATION IN0
ITERATION IN1
ITERATION IN2
ITERATION IN3
ITERATION OUT75
ITERATION IN0
ITERATION IN1
ITERATION IN2
ITERATION IN3
ITERATION OUT76
ITERATION IN0
ITERATION IN1
ITERATION IN2
ITERATION IN3
ITERATION OUT77
ITERATION IN0
ITERATION IN1
ITERATION IN2
ITERATION IN3
ITERATION OUT78
ITERATION IN0
ITERATION IN1
ITERATION IN2
ITERATION IN3
ITERATION OUT79
ITERATION IN0
ITERATION IN1
ITERATION IN2
ITERATION IN3
ITERATION OUT80
ITERATION IN0
ITERATION IN1
ITERATION IN2
ITERATION IN3
ITERATION OUT81
ITERATION IN0
ITERATION IN1
ITERATION IN2
ITERATION IN3
ITERATION OUT82
ITERATION IN0
ITERATION IN1
ITERATION IN2
ITERATION IN3
ITERATION OUT83
ITERATION IN0
ITERATION IN1
ITERATION IN2
ITERATION IN3
ITERATION OUT84
ITERATION IN0
ITERATION IN1
ITERATION IN2
ITERATION IN3
ITERATION OUT85
ITERATION IN0
ITERATION IN1
ITERATION IN2
ITERATION IN3
ITERATION OUT86
ITERATION IN0
ITERATION IN1
ITERATION IN2
ITERATION IN3
ITERATION OUT87
ITERATION IN0
ITERATION IN1
ITERATION IN2
ITERATION IN3
ITERATION OUT88
ITERATION IN0
ITERATION IN1
ITERATION IN2
ITERATION IN3
ITERATION OUT89
ITERATION IN0
ITERATION IN1
ITERATION IN2
ITERATION IN3
ITERATION OUT90
ITERATION IN0
ITERATION IN1
ITERATION IN2
ITERATION IN3
ITERATION OUT91
ITERATION IN0
ITERATION IN1
ITERATION IN2
ITERATION IN3
ITERATION OUT92
ITERATION IN0
ITERATION IN1
ITERATION IN2
ITERATION IN3
ITERATION OUT93
ITERATION IN0
ITERATION IN1
ITERATION IN2
ITERATION IN3
ITERATION OUT94
ITERATION IN0
ITERATION IN1
ITERATION IN2
ITERATION IN3
ITERATION OUT95
ITERATION IN0
ITERATION IN1
ITERATION IN2
ITERATION IN3
ITERATION OUT96
ITERATION IN0
ITERATION IN1
ITERATION IN2
ITERATION IN3
ITERATION OUT97
ITERATION IN0
ITERATION IN1
ITERATION IN2
ITERATION IN3
ITERATION OUT98
ITERATION IN0
ITERATION IN1
ITERATION IN2
ITERATION IN3
ITERATION OUT99
ITERATION IN0
ITERATION IN1
ITERATION IN2
ITERATION IN3
ITERATION OUT100
ITERATION IN0
ITERATION IN1
ITERATION IN2
ITERATION IN3
ITERATION OUT101
ITERATION IN0
ITERATION IN1
ITERATION IN2
ITERATION IN3
ITERATION OUT102
ITERATION IN0
ITERATION IN1
ITERATION IN2
ITERATION IN3
ITERATION OUT103
ITERATION IN0
ITERATION IN1
ITERATION IN2
ITERATION IN3
ITERATION OUT104
ITERATION IN0
ITERATION IN1
ITERATION IN2
ITERATION IN3
ITERATION OUT105
ITERATION IN0
ITERATION IN1
ITERATION IN2
ITERATION IN3
ITERATION OUT106
ITERATION IN0
ITERATION IN1
ITERATION IN2
ITERATION IN3
ITERATION OUT107
ITERATION IN0
ITERATION IN1
ITERATION IN2
ITERATION IN3
ITERATION OUT108
ITERATION IN0
ITERATION IN1
ITERATION IN2
ITERATION IN3
ITERATION OUT109
ITERATION IN0
ITERATION IN1
ITERATION IN2
ITERATION IN3
ITERATION OUT110
ITERATION IN0
ITERATION IN1
ITERATION IN2
ITERATION IN3
ITERATION OUT111
ITERATION IN0
ITERATION IN1
ITERATION IN2
ITERATION IN3
ITERATION OUT112
ITERATION IN0
ITERATION IN1
ITERATION IN2
ITERATION IN3
ITERATION OUT113
ITERATION IN0
ITERATION IN1
ITERATION IN2
ITERATION IN3
ITERATION OUT114
ITERATION IN0
ITERATION IN1
ITERATION IN2
ITERATION IN3
ITERATION OUT115
ITERATION IN0
ITERATION IN1
ITERATION IN2
ITERATION IN3
ITERATION OUT116
ITERATION IN0
ITERATION IN1
ITERATION IN2
ITERATION IN3
ITERATION OUT117
ITERATION IN0
ITERATION IN1
ITERATION IN2
ITERATION IN3
ITERATION OUT118
ITERATION IN0
ITERATION IN1
ITERATION IN2
ITERATION IN3
ITERATION OUT119
ITERATION IN0
ITERATION IN1
ITERATION IN2
ITERATION IN3
ITERATION OUT120
ITERATION IN0
ITERATION IN1
ITERATION IN2
ITERATION IN3
ITERATION OUT121
ITERATION IN0
ITERATION IN1
ITERATION IN2
ITERATION IN3
ITERATION OUT122
ITERATION IN0
ITERATION IN1
ITERATION IN2
ITERATION IN3
ITERATION OUT123
ITERATION IN0
ITERATION IN1
ITERATION IN2
ITERATION IN3
ITERATION OUT124
ITERATION IN0
ITERATION IN1
ITERATION IN2
ITERATION IN3
ITERATION OUT125
ITERATION IN0
ITERATION IN1
ITERATION IN2
ITERATION IN3
ITERATION OUT126
ITERATION IN0
ITERATION IN1
ITERATION IN2
ITERATION IN3
ITERATION OUT127
ITERATION IN0
ITERATION IN1
ITERATION IN2
ITERATION IN3
ITERATION OUT128
ITERATION IN0
ITERATION IN1
ITERATION IN2
ITERATION IN3
ITERATION OUT129
ITERATION IN0
ITERATION IN1
ITERATION IN2
ITERATION IN3
ITERATION OUT130
ITERATION IN0
ITERATION IN1
ITERATION IN2
ITERATION IN3
ITERATION OUT131
ITERATION IN0
ITERATION IN1
ITERATION IN2
ITERATION IN3
ITERATION OUT132
ITERATION IN0
ITERATION IN1
ITERATION IN2
ITERATION IN3
ITERATION OUT133
ITERATION IN0
ITERATION IN1
ITERATION IN2
ITERATION IN3
ITERATION OUT134
ITERATION IN0
ITERATION IN1
ITERATION IN2
ITERATION IN3
ITERATION OUT135
ITERATION IN0
ITERATION IN1
ITERATION IN2
ITERATION IN3
ITERATION OUT136
ITERATION IN0
ITERATION IN1
ITERATION IN2
ITERATION IN3
ITERATION OUT137
ITERATION IN0
ITERATION IN1
ITERATION IN2
ITERATION IN3
ITERATION OUT138
ITERATION IN0
ITERATION IN1
ITERATION IN2
ITERATION IN3
ITERATION OUT139
ITERATION IN0
ITERATION IN1
ITERATION IN2
ITERATION IN3
ITERATION OUT140
ITERATION IN0
ITERATION IN1
ITERATION IN2
ITERATION IN3
ITERATION OUT141
ITERATION IN0
ITERATION IN1
ITERATION IN2
ITERATION IN3
ITERATION OUT142
ITERATION IN0
ITERATION IN1
ITERATION IN2
ITERATION IN3
ITERATION OUT143
ITERATION IN0
ITERATION IN1
ITERATION IN2
ITERATION IN3
ITERATION OUT144
ITERATION IN0
ITERATION IN1
ITERATION IN2
ITERATION IN3
ITERATION OUT145
ITERATION IN0
ITERATION IN1
ITERATION IN2
ITERATION IN3
ITERATION OUT146
ITERATION IN0
ITERATION IN1
ITERATION IN2
ITERATION IN3
ITERATION OUT147
ITERATION IN0
ITERATION IN1
ITERATION IN2
ITERATION IN3
ITERATION OUT148
ITERATION IN0
ITERATION IN1
ITERATION IN2
ITERATION IN3
ITERATION OUT149
ITERATION IN0
ITERATION IN1
ITERATION IN2
ITERATION IN3
Checkpoint: 0
Checkpoint: 50
Checkpoint: 100
Checkpoint: 150
Checkpoint: 200
Checkpoint: 250
Checkpoint: 300
Checkpoint: 350
Checkpoint: 400
Checkpoint: 450
Checkpoint: 500
Checkpoint: 550
Checkpoint: 600
Checkpoint: 650
Checkpoint: 700
Checkpoint: 750
Checkpoint: 800
Checkpoint: 850
Checkpoint: 900
Checkpoint: 950
Micro Accuracy[lemma]: 75.18068331143233
Micro Accuracy[word]: 59.26412614980289
ITERATION OUT0
ITERATION IN0
ITERATION IN1
ITERATION IN2
ITERATION IN3
ITERATION OUT1
ITERATION IN0
ITERATION IN1
ITERATION IN2
ITERATION IN3
ITERATION OUT2
ITERATION IN0
ITERATION IN1
ITERATION IN2
ITERATION IN3
ITERATION OUT3
ITERATION IN0
ITERATION IN1
ITERATION IN2
ITERATION IN3
ITERATION OUT4
ITERATION IN0
ITERATION IN1
ITERATION IN2
ITERATION IN3
ITERATION OUT5
ITERATION IN0
ITERATION IN1
ITERATION IN2
ITERATION IN3
ITERATION OUT6
ITERATION IN0
ITERATION IN1
ITERATION IN2
ITERATION IN3
ITERATION OUT7
ITERATION IN0
ITERATION IN1
ITERATION IN2
ITERATION IN3
ITERATION OUT8
ITERATION IN0
ITERATION IN1
ITERATION IN2
ITERATION IN3
ITERATION OUT9
ITERATION IN0
ITERATION IN1
ITERATION IN2
ITERATION IN3
ITERATION OUT10
ITERATION IN0
ITERATION IN1
ITERATION IN2
ITERATION IN3
ITERATION OUT11
ITERATION IN0
ITERATION IN1
ITERATION IN2
ITERATION IN3
ITERATION OUT12
ITERATION IN0
ITERATION IN1
ITERATION IN2
ITERATION IN3
ITERATION OUT13
ITERATION IN0
ITERATION IN1
ITERATION IN2
ITERATION IN3
ITERATION OUT14
ITERATION IN0
ITERATION IN1
ITERATION IN2
ITERATION IN3
ITERATION OUT15
ITERATION IN0
ITERATION IN1
ITERATION IN2
ITERATION IN3
ITERATION OUT16
ITERATION IN0
ITERATION IN1
ITERATION IN2
ITERATION IN3
ITERATION OUT17
ITERATION IN0
ITERATION IN1
ITERATION IN2
ITERATION IN3
ITERATION OUT18
ITERATION IN0
ITERATION IN1
ITERATION IN2
ITERATION IN3
ITERATION OUT19
ITERATION IN0
ITERATION IN1
ITERATION IN2
ITERATION IN3
ITERATION OUT20
ITERATION IN0
ITERATION IN1
ITERATION IN2
ITERATION IN3
ITERATION OUT21
ITERATION IN0
ITERATION IN1
ITERATION IN2
ITERATION IN3
ITERATION OUT22
ITERATION IN0
ITERATION IN1
ITERATION IN2
ITERATION IN3
ITERATION OUT23
ITERATION IN0
ITERATION IN1
ITERATION IN2
ITERATION IN3
ITERATION OUT24
ITERATION IN0
ITERATION IN1
ITERATION IN2
ITERATION IN3
ITERATION OUT25
ITERATION IN0
ITERATION IN1
ITERATION IN2
ITERATION IN3
ITERATION OUT26
ITERATION IN0
ITERATION IN1
ITERATION IN2
ITERATION IN3
ITERATION OUT27
ITERATION IN0
ITERATION IN1
ITERATION IN2
ITERATION IN3
ITERATION OUT28
ITERATION IN0
ITERATION IN1
ITERATION IN2
ITERATION IN3
ITERATION OUT29
ITERATION IN0
ITERATION IN1
ITERATION IN2
ITERATION IN3
ITERATION OUT30
ITERATION IN0
ITERATION IN1
ITERATION IN2
ITERATION IN3
ITERATION OUT31
ITERATION IN0
ITERATION IN1
ITERATION IN2
ITERATION IN3
ITERATION OUT32
ITERATION IN0
ITERATION IN1
ITERATION IN2
ITERATION IN3
ITERATION OUT33
ITERATION IN0
ITERATION IN1
ITERATION IN2
ITERATION IN3
ITERATION OUT34
ITERATION IN0
ITERATION IN1
ITERATION IN2
ITERATION IN3
ITERATION OUT35
ITERATION IN0
ITERATION IN1
ITERATION IN2
ITERATION IN3
ITERATION OUT36
ITERATION IN0
ITERATION IN1
ITERATION IN2
ITERATION IN3
ITERATION OUT37
ITERATION IN0
ITERATION IN1
ITERATION IN2
ITERATION IN3
ITERATION OUT38
ITERATION IN0
ITERATION IN1
ITERATION IN2
ITERATION IN3
ITERATION OUT39
ITERATION IN0
ITERATION IN1
ITERATION IN2
ITERATION IN3
ITERATION OUT40
ITERATION IN0
ITERATION IN1
ITERATION IN2
ITERATION IN3
ITERATION OUT41
ITERATION IN0
ITERATION IN1
ITERATION IN2
ITERATION IN3
ITERATION OUT42
ITERATION IN0
ITERATION IN1
ITERATION IN2
ITERATION IN3
ITERATION OUT43
ITERATION IN0
ITERATION IN1
ITERATION IN2
ITERATION IN3
ITERATION OUT44
ITERATION IN0
ITERATION IN1
ITERATION IN2
ITERATION IN3
ITERATION OUT45
ITERATION IN0
ITERATION IN1
ITERATION IN2
ITERATION IN3
ITERATION OUT46
ITERATION IN0
ITERATION IN1
ITERATION IN2
ITERATION IN3
ITERATION OUT47
ITERATION IN0
ITERATION IN1
ITERATION IN2
ITERATION IN3
ITERATION OUT48
ITERATION IN0
ITERATION IN1
ITERATION IN2
ITERATION IN3
ITERATION OUT49
ITERATION IN0
ITERATION IN1
ITERATION IN2
ITERATION IN3
ITERATION OUT50
ITERATION IN0
ITERATION IN1
ITERATION IN2
ITERATION IN3
ITERATION OUT51
ITERATION IN0
ITERATION IN1
ITERATION IN2
ITERATION IN3
ITERATION OUT52
ITERATION IN0
ITERATION IN1
ITERATION IN2
ITERATION IN3
ITERATION OUT53
ITERATION IN0
ITERATION IN1
ITERATION IN2
ITERATION IN3
ITERATION OUT54
ITERATION IN0
ITERATION IN1
ITERATION IN2
ITERATION IN3
ITERATION OUT55
ITERATION IN0
ITERATION IN1
ITERATION IN2
ITERATION IN3
ITERATION OUT56
ITERATION IN0
ITERATION IN1
ITERATION IN2
ITERATION IN3
ITERATION OUT57
ITERATION IN0
ITERATION IN1
ITERATION IN2
ITERATION IN3
ITERATION OUT58
ITERATION IN0
ITERATION IN1
ITERATION IN2
ITERATION IN3
ITERATION OUT59
ITERATION IN0
ITERATION IN1
ITERATION IN2
ITERATION IN3
ITERATION OUT60
ITERATION IN0
ITERATION IN1
ITERATION IN2
ITERATION IN3
ITERATION OUT61
ITERATION IN0
ITERATION IN1
ITERATION IN2
ITERATION IN3
ITERATION OUT62
ITERATION IN0
ITERATION IN1
ITERATION IN2
ITERATION IN3
ITERATION OUT63
ITERATION IN0
ITERATION IN1
ITERATION IN2
ITERATION IN3
ITERATION OUT64
ITERATION IN0
ITERATION IN1
ITERATION IN2
ITERATION IN3
ITERATION OUT65
ITERATION IN0
ITERATION IN1
ITERATION IN2
ITERATION IN3
ITERATION OUT66
ITERATION IN0
ITERATION IN1
ITERATION IN2
ITERATION IN3
ITERATION OUT67
ITERATION IN0
ITERATION IN1
ITERATION IN2
ITERATION IN3
ITERATION OUT68
ITERATION IN0
ITERATION IN1
ITERATION IN2
ITERATION IN3
ITERATION OUT69
ITERATION IN0
ITERATION IN1
ITERATION IN2
ITERATION IN3
ITERATION OUT70
ITERATION IN0
ITERATION IN1
ITERATION IN2
ITERATION IN3
ITERATION OUT71
ITERATION IN0
ITERATION IN1
ITERATION IN2
ITERATION IN3
ITERATION OUT72
ITERATION IN0
ITERATION IN1
ITERATION IN2
ITERATION IN3
ITERATION OUT73
ITERATION IN0
ITERATION IN1
ITERATION IN2
ITERATION IN3
ITERATION OUT74
ITERATION IN0
ITERATION IN1
ITERATION IN2
ITERATION IN3
ITERATION OUT75
ITERATION IN0
ITERATION IN1
ITERATION IN2
ITERATION IN3
ITERATION OUT76
ITERATION IN0
ITERATION IN1
ITERATION IN2
ITERATION IN3
ITERATION OUT77
ITERATION IN0
ITERATION IN1
ITERATION IN2
ITERATION IN3
ITERATION OUT78
ITERATION IN0
ITERATION IN1
ITERATION IN2
ITERATION IN3
ITERATION OUT79
ITERATION IN0
ITERATION IN1
ITERATION IN2
ITERATION IN3
ITERATION OUT80
ITERATION IN0
ITERATION IN1
ITERATION IN2
ITERATION IN3
ITERATION OUT81
ITERATION IN0
ITERATION IN1
ITERATION IN2
ITERATION IN3
ITERATION OUT82
ITERATION IN0
ITERATION IN1
ITERATION IN2
ITERATION IN3
ITERATION OUT83
ITERATION IN0
ITERATION IN1
ITERATION IN2
ITERATION IN3
ITERATION OUT84
ITERATION IN0
ITERATION IN1
ITERATION IN2
ITERATION IN3
ITERATION OUT85
ITERATION IN0
ITERATION IN1
ITERATION IN2
ITERATION IN3
ITERATION OUT86
ITERATION IN0
ITERATION IN1
ITERATION IN2
ITERATION IN3
ITERATION OUT87
ITERATION IN0
ITERATION IN1
ITERATION IN2
ITERATION IN3
ITERATION OUT88
ITERATION IN0
ITERATION IN1
ITERATION IN2
ITERATION IN3
ITERATION OUT89
ITERATION IN0
ITERATION IN1
ITERATION IN2
ITERATION IN3
ITERATION OUT90
ITERATION IN0
ITERATION IN1
ITERATION IN2
ITERATION IN3
ITERATION OUT91
ITERATION IN0
ITERATION IN1
ITERATION IN2
ITERATION IN3
ITERATION OUT92
ITERATION IN0
ITERATION IN1
ITERATION IN2
ITERATION IN3
ITERATION OUT93
ITERATION IN0
ITERATION IN1
ITERATION IN2
ITERATION IN3
ITERATION OUT94
ITERATION IN0
ITERATION IN1
ITERATION IN2
ITERATION IN3
ITERATION OUT95
ITERATION IN0
ITERATION IN1
ITERATION IN2
ITERATION IN3
ITERATION OUT96
ITERATION IN0
ITERATION IN1
ITERATION IN2
ITERATION IN3
ITERATION OUT97
ITERATION IN0
ITERATION IN1
ITERATION IN2
ITERATION IN3
ITERATION OUT98
ITERATION IN0
ITERATION IN1
ITERATION IN2
ITERATION IN3
ITERATION OUT99
ITERATION IN0
ITERATION IN1
ITERATION IN2
ITERATION IN3
ITERATION OUT100
ITERATION IN0
ITERATION IN1
ITERATION IN2
ITERATION IN3
ITERATION OUT101
ITERATION IN0
ITERATION IN1
ITERATION IN2
ITERATION IN3
ITERATION OUT102
ITERATION IN0
ITERATION IN1
ITERATION IN2
ITERATION IN3
ITERATION OUT103
ITERATION IN0
ITERATION IN1
ITERATION IN2
ITERATION IN3
ITERATION OUT104
ITERATION IN0
ITERATION IN1
ITERATION IN2
ITERATION IN3
ITERATION OUT105
ITERATION IN0
ITERATION IN1
ITERATION IN2
ITERATION IN3
ITERATION OUT106
ITERATION IN0
ITERATION IN1
ITERATION IN2
ITERATION IN3
ITERATION OUT107
ITERATION IN0
ITERATION IN1
ITERATION IN2
ITERATION IN3
ITERATION OUT108
ITERATION IN0
ITERATION IN1
ITERATION IN2
ITERATION IN3
ITERATION OUT109
ITERATION IN0
ITERATION IN1
ITERATION IN2
ITERATION IN3
ITERATION OUT110
ITERATION IN0
ITERATION IN1
ITERATION IN2
ITERATION IN3
ITERATION OUT111
ITERATION IN0
ITERATION IN1
ITERATION IN2
ITERATION IN3
ITERATION OUT112
ITERATION IN0
ITERATION IN1
ITERATION IN2
ITERATION IN3
ITERATION OUT113
ITERATION IN0
ITERATION IN1
ITERATION IN2
ITERATION IN3
ITERATION OUT114
ITERATION IN0
ITERATION IN1
ITERATION IN2
ITERATION IN3
ITERATION OUT115
ITERATION IN0
ITERATION IN1
ITERATION IN2
ITERATION IN3
ITERATION OUT116
ITERATION IN0
ITERATION IN1
ITERATION IN2
ITERATION IN3
ITERATION OUT117
ITERATION IN0
ITERATION IN1
ITERATION IN2
ITERATION IN3
ITERATION OUT118
ITERATION IN0
ITERATION IN1
ITERATION IN2
ITERATION IN3
ITERATION OUT119
ITERATION IN0
ITERATION IN1
ITERATION IN2
ITERATION IN3
ITERATION OUT120
ITERATION IN0
ITERATION IN1
ITERATION IN2
ITERATION IN3
ITERATION OUT121
ITERATION IN0
ITERATION IN1
ITERATION IN2
ITERATION IN3
ITERATION OUT122
ITERATION IN0
ITERATION IN1
ITERATION IN2
ITERATION IN3
ITERATION OUT123
ITERATION IN0
ITERATION IN1
ITERATION IN2
ITERATION IN3
ITERATION OUT124
ITERATION IN0
ITERATION IN1
ITERATION IN2
ITERATION IN3
ITERATION OUT125
ITERATION IN0
ITERATION IN1
ITERATION IN2
ITERATION IN3
ITERATION OUT126
ITERATION IN0
ITERATION IN1
ITERATION IN2
ITERATION IN3
ITERATION OUT127
ITERATION IN0
ITERATION IN1
ITERATION IN2
ITERATION IN3
ITERATION OUT128
ITERATION IN0
ITERATION IN1
ITERATION IN2
ITERATION IN3
ITERATION OUT129
ITERATION IN0
ITERATION IN1
ITERATION IN2
ITERATION IN3
ITERATION OUT130
ITERATION IN0
ITERATION IN1
ITERATION IN2
ITERATION IN3
ITERATION OUT131
ITERATION IN0
ITERATION IN1
ITERATION IN2
ITERATION IN3
ITERATION OUT132
ITERATION IN0
ITERATION IN1
ITERATION IN2
ITERATION IN3
ITERATION OUT133
ITERATION IN0
ITERATION IN1
ITERATION IN2
ITERATION IN3
ITERATION OUT134
ITERATION IN0
ITERATION IN1
ITERATION IN2
ITERATION IN3
ITERATION OUT135
ITERATION IN0
ITERATION IN1
ITERATION IN2
ITERATION IN3
ITERATION OUT136
ITERATION IN0
ITERATION IN1
ITERATION IN2
ITERATION IN3
ITERATION OUT137
ITERATION IN0
ITERATION IN1
ITERATION IN2
ITERATION IN3
ITERATION OUT138
ITERATION IN0
ITERATION IN1
ITERATION IN2
ITERATION IN3
ITERATION OUT139
ITERATION IN0
ITERATION IN1
ITERATION IN2
ITERATION IN3
ITERATION OUT140
ITERATION IN0
ITERATION IN1
ITERATION IN2
ITERATION IN3
ITERATION OUT141
ITERATION IN0
ITERATION IN1
ITERATION IN2
ITERATION IN3
ITERATION OUT142
ITERATION IN0
ITERATION IN1
ITERATION IN2
ITERATION IN3
ITERATION OUT143
ITERATION IN0
ITERATION IN1
ITERATION IN2
ITERATION IN3
ITERATION OUT144
ITERATION IN0
ITERATION IN1
ITERATION IN2
ITERATION IN3
ITERATION OUT145
ITERATION IN0
ITERATION IN1
ITERATION IN2
ITERATION IN3
ITERATION OUT146
ITERATION IN0
ITERATION IN1
ITERATION IN2
ITERATION IN3
ITERATION OUT147
ITERATION IN0
ITERATION IN1
ITERATION IN2
ITERATION IN3
ITERATION OUT148
ITERATION IN0
ITERATION IN1
ITERATION IN2
ITERATION IN3
ITERATION OUT149
ITERATION IN0
ITERATION IN1
ITERATION IN2
ITERATION IN3
Checkpoint: 0
Checkpoint: 50
Checkpoint: 100
Checkpoint: 150
Checkpoint: 200
Checkpoint: 250
Checkpoint: 300
Checkpoint: 350
Checkpoint: 400
Checkpoint: 450
Checkpoint: 500
Checkpoint: 550
Checkpoint: 600
Checkpoint: 650
Checkpoint: 700
Checkpoint: 750
Checkpoint: 800
Checkpoint: 850
Checkpoint: 900
Checkpoint: 950
Micro Accuracy[lemma]: 75.10701350016464
Micro Accuracy[word]: 59.18669739874876
