Checkpoint: 0
Checkpoint: 50
Checkpoint: 100
Checkpoint: 150
Checkpoint: 200
Checkpoint: 250
Checkpoint: 300
Checkpoint: 350
Checkpoint: 400
Checkpoint: 450
Checkpoint: 500
Checkpoint: 550
Checkpoint: 600
Checkpoint: 650
Checkpoint: 700
Checkpoint: 750
Checkpoint: 800
Checkpoint: 850
Checkpoint: 900
Checkpoint: 950
Micro Accuracy[lemma]: 66.81818181818181
Micro Accuracy[word]: 44.675324675324674
ITERATION OUT0
ITERATION IN0
ITERATION IN1
ITERATION IN2
ITERATION IN3
ITERATION IN4
ITERATION OUT1
ITERATION IN0
ITERATION IN1
ITERATION IN2
ITERATION IN3
ITERATION IN4
ITERATION OUT2
ITERATION IN0
ITERATION IN1
ITERATION IN2
ITERATION IN3
ITERATION IN4
ITERATION OUT3
ITERATION IN0
ITERATION IN1
ITERATION IN2
ITERATION IN3
ITERATION IN4
ITERATION OUT4
ITERATION IN0
ITERATION IN1
ITERATION IN2
ITERATION IN3
ITERATION IN4
ITERATION OUT5
ITERATION IN0
ITERATION IN1
ITERATION IN2
ITERATION IN3
ITERATION IN4
ITERATION OUT6
ITERATION IN0
ITERATION IN1
ITERATION IN2
ITERATION IN3
ITERATION IN4
ITERATION OUT7
ITERATION IN0
ITERATION IN1
ITERATION IN2
ITERATION IN3
ITERATION IN4
ITERATION OUT8
ITERATION IN0
ITERATION IN1
ITERATION IN2
ITERATION IN3
ITERATION IN4
ITERATION OUT9
ITERATION IN0
ITERATION IN1
ITERATION IN2
ITERATION IN3
ITERATION IN4
ITERATION OUT10
ITERATION IN0
ITERATION IN1
ITERATION IN2
ITERATION IN3
ITERATION IN4
ITERATION OUT11
ITERATION IN0
ITERATION IN1
ITERATION IN2
ITERATION IN3
ITERATION IN4
ITERATION OUT12
ITERATION IN0
ITERATION IN1
ITERATION IN2
ITERATION IN3
ITERATION IN4
ITERATION OUT13
ITERATION IN0
ITERATION IN1
ITERATION IN2
ITERATION IN3
ITERATION IN4
ITERATION OUT14
ITERATION IN0
ITERATION IN1
ITERATION IN2
ITERATION IN3
ITERATION IN4
ITERATION OUT15
ITERATION IN0
ITERATION IN1
ITERATION IN2
ITERATION IN3
ITERATION IN4
ITERATION OUT16
ITERATION IN0
ITERATION IN1
ITERATION IN2
ITERATION IN3
ITERATION IN4
ITERATION OUT17
ITERATION IN0
ITERATION IN1
ITERATION IN2
ITERATION IN3
ITERATION IN4
ITERATION OUT18
ITERATION IN0
ITERATION IN1
ITERATION IN2
ITERATION IN3
ITERATION IN4
ITERATION OUT19
ITERATION IN0
ITERATION IN1
ITERATION IN2
ITERATION IN3
ITERATION IN4
ITERATION OUT20
ITERATION IN0
ITERATION IN1
ITERATION IN2
ITERATION IN3
ITERATION IN4
ITERATION OUT21
ITERATION IN0
ITERATION IN1
ITERATION IN2
ITERATION IN3
ITERATION IN4
ITERATION OUT22
ITERATION IN0
ITERATION IN1
ITERATION IN2
ITERATION IN3
ITERATION IN4
ITERATION OUT23
ITERATION IN0
ITERATION IN1
ITERATION IN2
ITERATION IN3
ITERATION IN4
ITERATION OUT24
ITERATION IN0
ITERATION IN1
ITERATION IN2
ITERATION IN3
ITERATION IN4
ITERATION OUT25
ITERATION IN0
ITERATION IN1
ITERATION IN2
ITERATION IN3
ITERATION IN4
ITERATION OUT26
ITERATION IN0
ITERATION IN1
ITERATION IN2
ITERATION IN3
ITERATION IN4
ITERATION OUT27
ITERATION IN0
ITERATION IN1
ITERATION IN2
ITERATION IN3
ITERATION IN4
ITERATION OUT28
ITERATION IN0
ITERATION IN1
ITERATION IN2
ITERATION IN3
ITERATION IN4
ITERATION OUT29
ITERATION IN0
ITERATION IN1
ITERATION IN2
ITERATION IN3
ITERATION IN4
ITERATION OUT30
ITERATION IN0
ITERATION IN1
ITERATION IN2
ITERATION IN3
ITERATION IN4
ITERATION OUT31
ITERATION IN0
ITERATION IN1
ITERATION IN2
ITERATION IN3
ITERATION IN4
ITERATION OUT32
ITERATION IN0
ITERATION IN1
ITERATION IN2
ITERATION IN3
ITERATION IN4
ITERATION OUT33
ITERATION IN0
ITERATION IN1
ITERATION IN2
ITERATION IN3
ITERATION IN4
ITERATION OUT34
ITERATION IN0
ITERATION IN1
ITERATION IN2
ITERATION IN3
ITERATION IN4
ITERATION OUT35
ITERATION IN0
ITERATION IN1
ITERATION IN2
ITERATION IN3
ITERATION IN4
ITERATION OUT36
ITERATION IN0
ITERATION IN1
ITERATION IN2
ITERATION IN3
ITERATION IN4
ITERATION OUT37
ITERATION IN0
ITERATION IN1
ITERATION IN2
ITERATION IN3
ITERATION IN4
ITERATION OUT38
ITERATION IN0
ITERATION IN1
ITERATION IN2
ITERATION IN3
ITERATION IN4
ITERATION OUT39
ITERATION IN0
ITERATION IN1
ITERATION IN2
ITERATION IN3
ITERATION IN4
ITERATION OUT40
ITERATION IN0
ITERATION IN1
ITERATION IN2
ITERATION IN3
ITERATION IN4
ITERATION OUT41
ITERATION IN0
ITERATION IN1
ITERATION IN2
ITERATION IN3
ITERATION IN4
ITERATION OUT42
ITERATION IN0
ITERATION IN1
ITERATION IN2
ITERATION IN3
ITERATION IN4
ITERATION OUT43
ITERATION IN0
ITERATION IN1
ITERATION IN2
ITERATION IN3
ITERATION IN4
ITERATION OUT44
ITERATION IN0
ITERATION IN1
ITERATION IN2
ITERATION IN3
ITERATION IN4
ITERATION OUT45
ITERATION IN0
ITERATION IN1
ITERATION IN2
ITERATION IN3
ITERATION IN4
ITERATION OUT46
ITERATION IN0
ITERATION IN1
ITERATION IN2
ITERATION IN3
ITERATION IN4
ITERATION OUT47
ITERATION IN0
ITERATION IN1
ITERATION IN2
ITERATION IN3
ITERATION IN4
ITERATION OUT48
ITERATION IN0
ITERATION IN1
ITERATION IN2
ITERATION IN3
ITERATION IN4
ITERATION OUT49
ITERATION IN0
ITERATION IN1
ITERATION IN2
ITERATION IN3
ITERATION IN4
Checkpoint: 0
Checkpoint: 50
Checkpoint: 100
Checkpoint: 150
Checkpoint: 200
Checkpoint: 250
Checkpoint: 300
Checkpoint: 350
Checkpoint: 400
Checkpoint: 450
Checkpoint: 500
Checkpoint: 550
Checkpoint: 600
Checkpoint: 650
Checkpoint: 700
Checkpoint: 750
Checkpoint: 800
Checkpoint: 850
Checkpoint: 900
Checkpoint: 950
Micro Accuracy[lemma]: 74.88312107044979
Micro Accuracy[word]: 59.76140577140094
ITERATION OUT0
ITERATION IN0
ITERATION IN1
ITERATION IN2
ITERATION IN3
ITERATION IN4
ITERATION OUT1
ITERATION IN0
ITERATION IN1
ITERATION IN2
ITERATION IN3
ITERATION IN4
ITERATION OUT2
ITERATION IN0
ITERATION IN1
ITERATION IN2
ITERATION IN3
ITERATION IN4
ITERATION OUT3
ITERATION IN0
ITERATION IN1
ITERATION IN2
ITERATION IN3
ITERATION IN4
ITERATION OUT4
ITERATION IN0
ITERATION IN1
ITERATION IN2
ITERATION IN3
ITERATION IN4
ITERATION OUT5
ITERATION IN0
ITERATION IN1
ITERATION IN2
ITERATION IN3
ITERATION IN4
ITERATION OUT6
ITERATION IN0
ITERATION IN1
ITERATION IN2
ITERATION IN3
ITERATION IN4
ITERATION OUT7
ITERATION IN0
ITERATION IN1
ITERATION IN2
ITERATION IN3
ITERATION IN4
ITERATION OUT8
ITERATION IN0
ITERATION IN1
ITERATION IN2
ITERATION IN3
ITERATION IN4
ITERATION OUT9
ITERATION IN0
ITERATION IN1
ITERATION IN2
ITERATION IN3
ITERATION IN4
ITERATION OUT10
ITERATION IN0
ITERATION IN1
ITERATION IN2
ITERATION IN3
ITERATION IN4
ITERATION OUT11
ITERATION IN0
ITERATION IN1
ITERATION IN2
ITERATION IN3
ITERATION IN4
ITERATION OUT12
ITERATION IN0
ITERATION IN1
ITERATION IN2
ITERATION IN3
ITERATION IN4
ITERATION OUT13
ITERATION IN0
ITERATION IN1
ITERATION IN2
ITERATION IN3
ITERATION IN4
ITERATION OUT14
ITERATION IN0
ITERATION IN1
ITERATION IN2
ITERATION IN3
ITERATION IN4
ITERATION OUT15
ITERATION IN0
ITERATION IN1
ITERATION IN2
ITERATION IN3
ITERATION IN4
ITERATION OUT16
ITERATION IN0
ITERATION IN1
ITERATION IN2
ITERATION IN3
ITERATION IN4
ITERATION OUT17
ITERATION IN0
ITERATION IN1
ITERATION IN2
ITERATION IN3
ITERATION IN4
ITERATION OUT18
ITERATION IN0
ITERATION IN1
ITERATION IN2
ITERATION IN3
ITERATION IN4
ITERATION OUT19
ITERATION IN0
ITERATION IN1
ITERATION IN2
ITERATION IN3
ITERATION IN4
ITERATION OUT20
ITERATION IN0
ITERATION IN1
ITERATION IN2
ITERATION IN3
ITERATION IN4
ITERATION OUT21
ITERATION IN0
ITERATION IN1
ITERATION IN2
ITERATION IN3
ITERATION IN4
ITERATION OUT22
ITERATION IN0
ITERATION IN1
ITERATION IN2
ITERATION IN3
ITERATION IN4
ITERATION OUT23
ITERATION IN0
ITERATION IN1
ITERATION IN2
ITERATION IN3
ITERATION IN4
ITERATION OUT24
ITERATION IN0
ITERATION IN1
ITERATION IN2
ITERATION IN3
ITERATION IN4
ITERATION OUT25
ITERATION IN0
ITERATION IN1
ITERATION IN2
ITERATION IN3
ITERATION IN4
ITERATION OUT26
ITERATION IN0
ITERATION IN1
ITERATION IN2
ITERATION IN3
ITERATION IN4
ITERATION OUT27
ITERATION IN0
ITERATION IN1
ITERATION IN2
ITERATION IN3
ITERATION IN4
ITERATION OUT28
ITERATION IN0
ITERATION IN1
ITERATION IN2
ITERATION IN3
ITERATION IN4
ITERATION OUT29
ITERATION IN0
ITERATION IN1
ITERATION IN2
ITERATION IN3
ITERATION IN4
ITERATION OUT30
ITERATION IN0
ITERATION IN1
ITERATION IN2
ITERATION IN3
ITERATION IN4
ITERATION OUT31
ITERATION IN0
ITERATION IN1
ITERATION IN2
ITERATION IN3
ITERATION IN4
ITERATION OUT32
ITERATION IN0
ITERATION IN1
ITERATION IN2
ITERATION IN3
ITERATION IN4
ITERATION OUT33
ITERATION IN0
ITERATION IN1
ITERATION IN2
ITERATION IN3
ITERATION IN4
ITERATION OUT34
ITERATION IN0
ITERATION IN1
ITERATION IN2
ITERATION IN3
ITERATION IN4
ITERATION OUT35
ITERATION IN0
ITERATION IN1
ITERATION IN2
ITERATION IN3
ITERATION IN4
ITERATION OUT36
ITERATION IN0
ITERATION IN1
ITERATION IN2
ITERATION IN3
ITERATION IN4
ITERATION OUT37
ITERATION IN0
ITERATION IN1
ITERATION IN2
ITERATION IN3
ITERATION IN4
ITERATION OUT38
ITERATION IN0
ITERATION IN1
ITERATION IN2
ITERATION IN3
ITERATION IN4
ITERATION OUT39
ITERATION IN0
ITERATION IN1
ITERATION IN2
ITERATION IN3
ITERATION IN4
ITERATION OUT40
ITERATION IN0
ITERATION IN1
ITERATION IN2
ITERATION IN3
ITERATION IN4
ITERATION OUT41
ITERATION IN0
ITERATION IN1
ITERATION IN2
ITERATION IN3
ITERATION IN4
ITERATION OUT42
ITERATION IN0
ITERATION IN1
ITERATION IN2
ITERATION IN3
ITERATION IN4
ITERATION OUT43
ITERATION IN0
ITERATION IN1
ITERATION IN2
ITERATION IN3
ITERATION IN4
ITERATION OUT44
ITERATION IN0
ITERATION IN1
ITERATION IN2
ITERATION IN3
ITERATION IN4
ITERATION OUT45
ITERATION IN0
ITERATION IN1
ITERATION IN2
ITERATION IN3
ITERATION IN4
ITERATION OUT46
ITERATION IN0
ITERATION IN1
ITERATION IN2
ITERATION IN3
ITERATION IN4
ITERATION OUT47
ITERATION IN0
ITERATION IN1
ITERATION IN2
ITERATION IN3
ITERATION IN4
ITERATION OUT48
ITERATION IN0
ITERATION IN1
ITERATION IN2
ITERATION IN3
ITERATION IN4
ITERATION OUT49
ITERATION IN0
ITERATION IN1
ITERATION IN2
ITERATION IN3
ITERATION IN4
Checkpoint: 0
Checkpoint: 50
Checkpoint: 100
Checkpoint: 150
Checkpoint: 200
Checkpoint: 250
Checkpoint: 300
Checkpoint: 350
Checkpoint: 400
Checkpoint: 450
Checkpoint: 500
Checkpoint: 550
Checkpoint: 600
Checkpoint: 650
Checkpoint: 700
Checkpoint: 750
Checkpoint: 800
Checkpoint: 850
Checkpoint: 900
Checkpoint: 950
Micro Accuracy[lemma]: 75.53241836251775
Micro Accuracy[word]: 60.05679129200189
